<?xml version="1.0" encoding="UTF-8"?>
<testsuite xmlns:xsi="http://www.w3.org/2001/XMLSchema-instance" xsi:noNamespaceSchemaLocation="https://maven.apache.org/surefire/maven-surefire-plugin/xsd/surefire-test-report.xsd" name="aggregate.AggregateTest" time="0.609" tests="44" errors="0" skipped="0" failures="0">
  <properties>
[...]
</properties>
  <testcase name="buildDefaultAggregate" classname="aggregate.AggregateTest" time="0.198"/>
  <testcase name="buildDefaultAggregate[1]" classname="aggregate.AggregateTest" time="0.015"/>
  <testcase name="buildDefaultAggregate[2]" classname="aggregate.AggregateTest" time="0.01"/>
  <testcase name="buildDefaultAggregate[3]" classname="aggregate.AggregateTest" time="0.009"/>
  <testcase name="buildDefaultAggregate[4]" classname="aggregate.AggregateTest" time="0.007"/>
  <testcase name="buildDefaultAggregate[5]" classname="aggregate.AggregateTest" time="0.007"/>
  <testcase name="buildDefaultAggregate[6]" classname="aggregate.AggregateTest" time="0.007"/>
  <testcase name="buildDefaultAggregate[7]" classname="aggregate.AggregateTest" time="0.011"/>
  <testcase name="buildDefaultAggregate[8]" classname="aggregate.AggregateTest" time="0.007"/>
  <testcase name="buildDefaultAggregate[9]" classname="aggregate.AggregateTest" time="0.006"/>
  <testcase name="buildDefaultAggregate[10]" classname="aggregate.AggregateTest" time="0.006"/>
  <testcase name="updateAggregate" classname="aggregate.AggregateTest" time="0.007"/>
  <testcase name="updateAggregate[1]" classname="aggregate.AggregateTest" time="0.011"/>
  <testcase name="updateAggregate[2]" classname="aggregate.AggregateTest" time="0.014"/>
  <testcase name="updateAggregate[3]" classname="aggregate.AggregateTest" time="0.007"/>
  <testcase name="updateAggregate[4]" classname="aggregate.AggregateTest" time="0.01"/>
  <testcase name="updateAggregate[5]" classname="aggregate.AggregateTest" time="0.008"/>
  <testcase name="updateAggregate[6]" classname="aggregate.AggregateTest" time="0.008"/>
  <testcase name="updateAggregate[7]" classname="aggregate.AggregateTest" time="0.008"/>
  <testcase name="updateAggregate[8]" classname="aggregate.AggregateTest" time="0.006"/>
  <testcase name="updateAggregate[9]" classname="aggregate.AggregateTest" time="0.005"/>
  <testcase name="updateAggregate[10]" classname="aggregate.AggregateTest" time="0.005"/>
  <testcase name="changeBaa" classname="aggregate.AggregateTest" time="0.005"/>
  <testcase name="changeBaa[1]" classname="aggregate.AggregateTest" time="0.007"/>
  <testcase name="changeBaa[2]" classname="aggregate.AggregateTest" time="0.004"/>
  <testcase name="changeBaa[3]" classname="aggregate.AggregateTest" time="0.005"/>
  <testcase name="changeBaa[4]" classname="aggregate.AggregateTest" time="0.006"/>
  <testcase name="changeBaa[5]" classname="aggregate.AggregateTest" time="0.005"/>
  <testcase name="changeBaa[6]" classname="aggregate.AggregateTest" time="0.005"/>
  <testcase name="changeBaa[7]" classname="aggregate.AggregateTest" time="0.005"/>
  <testcase name="changeBaa[8]" classname="aggregate.AggregateTest" time="0.004"/>
  <testcase name="changeBaa[9]" classname="aggregate.AggregateTest" time="0.006"/>
  <testcase name="changeBaa[10]" classname="aggregate.AggregateTest" time="0.005"/>
  <testcase name="buildAggregate" classname="aggregate.AggregateTest" time="0.005"/>
  <testcase name="buildAggregate[1]" classname="aggregate.AggregateTest" time="0.005"/>
  <testcase name="buildAggregate[2]" classname="aggregate.AggregateTest" time="0.006"/>
  <testcase name="buildAggregate[3]" classname="aggregate.AggregateTest" time="0.008"/>
  <testcase name="buildAggregate[4]" classname="aggregate.AggregateTest" time="0.006"/>
  <testcase name="buildAggregate[5]" classname="aggregate.AggregateTest" time="0.005"/>
  <testcase name="buildAggregate[6]" classname="aggregate.AggregateTest" time="0.005"/>
  <testcase name="buildAggregate[7]" classname="aggregate.AggregateTest" time="0.005"/>
  <testcase name="buildAggregate[8]" classname="aggregate.AggregateTest" time="0.005"/>
  <testcase name="buildAggregate[9]" classname="aggregate.AggregateTest" time="0.005"/>
  <testcase name="buildAggregate[10]" classname="aggregate.AggregateTest" time="0.004"/>
</testsuite>