<?xml version="1.0" encoding="UTF-8"?>
<testsuite xmlns:xsi="http://www.w3.org/2001/XMLSchema-instance" xsi:noNamespaceSchemaLocation="https://maven.apache.org/surefire/maven-surefire-plugin/xsd/surefire-test-report.xsd" name="policy.PolicyTest" time="0.025" tests="11" errors="0" skipped="0" failures="0">
  <properties>
[...]
</properties>
  <testcase name="ensure" classname="policy.PolicyTest" time="0"/>
  <testcase name="ensure[1]" classname="policy.PolicyTest" time="0"/>
  <testcase name="ensure[2]" classname="policy.PolicyTest" time="0"/>
  <testcase name="ensure[3]" classname="policy.PolicyTest" time="0"/>
  <testcase name="ensure[4]" classname="policy.PolicyTest" time="0"/>
  <testcase name="ensure[5]" classname="policy.PolicyTest" time="0"/>
  <testcase name="ensure[6]" classname="policy.PolicyTest" time="0.001"/>
  <testcase name="ensure[7]" classname="policy.PolicyTest" time="0.001"/>
  <testcase name="ensure[8]" classname="policy.PolicyTest" time="0.002"/>
  <testcase name="ensure[9]" classname="policy.PolicyTest" time="0.001"/>
  <testcase name="ensure[10]" classname="policy.PolicyTest" time="0.001"/>
</testsuite>